<?xml version="1.0" encoding="UTF-8"?>
<!-- Generated by org.testng.reporters.JUnitReportReporter -->
<testsuite skipped="0" hostname="DESKTOP-HBJRUAF" name="RestAssurred.WebAPIAutomation.GetRequestExample" tests="1" failures="0" timestamp="12 Sep 2019 09:36:41 GMT" time="3.431" errors="0">
  <testcase name="GetWeatherDetails" time="3.431" classname="RestAssurred.WebAPIAutomation.GetRequestExample"/>
</testsuite> <!-- RestAssurred.WebAPIAutomation.GetRequestExample -->
