<?xml version="1.0" encoding="UTF-8"?>
<!-- Generated by org.testng.reporters.JUnitReportReporter -->
<testsuite skipped="0" hostname="DESKTOP-HBJRUAF" name="RestAssurred.WebAPIAutomation.ResponseHeaderValidation" tests="2" failures="0" timestamp="12 Sep 2019 09:30:08 GMT" time="4.177" errors="0">
  <testcase name="GetWeatherHeaders" time="3.451" classname="RestAssurred.WebAPIAutomation.ResponseHeaderValidation"/>
  <testcase name="IteratingOverHeaders" time="0.726" classname="RestAssurred.WebAPIAutomation.ResponseHeaderValidation"/>
</testsuite> <!-- RestAssurred.WebAPIAutomation.ResponseHeaderValidation -->
