<?xml version="1.0" encoding="UTF-8"?>
<!-- Generated by org.testng.reporters.JUnitReportReporter -->
<testsuite skipped="0" hostname="DESKTOP-HBJRUAF" name="RestAssurred.WebAPIAutomation.DisplayAllNodes" tests="1" failures="0" timestamp="04 Sep 2019 15:20:52 GMT" time="4.559" errors="0">
  <testcase name="detailsNode" time="4.559" classname="RestAssurred.WebAPIAutomation.DisplayAllNodes"/>
</testsuite> <!-- RestAssurred.WebAPIAutomation.DisplayAllNodes -->
