<?xml version="1.0" encoding="UTF-8"?>
<!-- Generated by org.testng.reporters.JUnitReportReporter -->
<testsuite skipped="0" hostname="DESKTOP-HBJRUAF" name="RestAssurred.WebAPIAutomation.PutProfileUpdate" tests="1" failures="0" timestamp="13 Sep 2019 09:59:10 GMT" time="3.631" errors="0">
  <testcase name="verifyProfileUpdated" time="3.631" classname="RestAssurred.WebAPIAutomation.PutProfileUpdate"/>
</testsuite> <!-- RestAssurred.WebAPIAutomation.PutProfileUpdate -->
