<?xml version="1.0" encoding="UTF-8"?>
<!-- Generated by org.testng.reporters.JUnitReportReporter -->
<testsuite skipped="0" hostname="DESKTOP-HBJRUAF" name="RestAssurred.WebAPIAutomation.DeleteProfile" tests="1" failures="0" timestamp="13 Sep 2019 10:04:05 GMT" time="4.667" errors="0">
  <testcase name="deleteProfile" time="4.667" classname="RestAssurred.WebAPIAutomation.DeleteProfile"/>
</testsuite> <!-- RestAssurred.WebAPIAutomation.DeleteProfile -->
