<?xml version="1.0" encoding="UTF-8"?>
<!-- Generated by org.testng.reporters.JUnitReportReporter -->
<testsuite skipped="0" hostname="DESKTOP-HBJRUAF" name="RestAssurred.WebAPIAutomation.GETProfile" tests="1" failures="0" timestamp="14 Sep 2019 13:55:04 GMT" time="4.283" errors="0">
  <testcase name="getProfile" time="4.283" classname="RestAssurred.WebAPIAutomation.GETProfile"/>
</testsuite> <!-- RestAssurred.WebAPIAutomation.GETProfile -->
